C:\USERS\KENNY\DOCUMENTS\VISUAL STUDIO 2012\PROJECTS\GAMEPROJECT1\GAMEPROJECT1\DEBUG\GAMEPROJECT1.PCH
C:\USERS\KENNY\DOCUMENTS\VISUAL STUDIO 2012\PROJECTS\GAMEPROJECT1\GAMEPROJECT1\DEBUG\STDAFX.OBJ
C:\USERS\KENNY\DOCUMENTS\VISUAL STUDIO 2012\PROJECTS\GAMEPROJECT1\GAMEPROJECT1\DEBUG\VC110.PDB
C:\USERS\KENNY\DOCUMENTS\VISUAL STUDIO 2012\PROJECTS\GAMEPROJECT1\GAMEPROJECT1\DEBUG\GAMEPROJECT1.OBJ
C:\Users\Kenny\Documents\Visual Studio 2012\Projects\GameProject1\GameProject1\Debug\GameProject1.obj
C:\Users\Kenny\Documents\Visual Studio 2012\Projects\GameProject1\GameProject1\Debug\stdafx.obj
C:\Users\Kenny\Documents\Visual Studio 2012\Projects\GameProject1\GameProject1\Debug\cl.command.1.tlog
C:\Users\Kenny\Documents\Visual Studio 2012\Projects\GameProject1\GameProject1\Debug\CL.read.1.tlog
C:\Users\Kenny\Documents\Visual Studio 2012\Projects\GameProject1\GameProject1\Debug\CL.write.1.tlog
C:\Users\Kenny\Documents\Visual Studio 2012\Projects\GameProject1\GameProject1\Debug\link-cvtres.read.1.tlog
C:\Users\Kenny\Documents\Visual Studio 2012\Projects\GameProject1\GameProject1\Debug\link-cvtres.write.1.tlog
C:\Users\Kenny\Documents\Visual Studio 2012\Projects\GameProject1\GameProject1\Debug\link-rc.read.1.tlog
C:\Users\Kenny\Documents\Visual Studio 2012\Projects\GameProject1\GameProject1\Debug\link-rc.write.1.tlog
C:\Users\Kenny\Documents\Visual Studio 2012\Projects\GameProject1\GameProject1\Debug\link.3408-cvtres.read.1.tlog
C:\Users\Kenny\Documents\Visual Studio 2012\Projects\GameProject1\GameProject1\Debug\link.3408-cvtres.write.1.tlog
C:\Users\Kenny\Documents\Visual Studio 2012\Projects\GameProject1\GameProject1\Debug\link.3408-rc.read.1.tlog
C:\Users\Kenny\Documents\Visual Studio 2012\Projects\GameProject1\GameProject1\Debug\link.3408-rc.write.1.tlog
C:\Users\Kenny\Documents\Visual Studio 2012\Projects\GameProject1\GameProject1\Debug\link.3408.read.1.tlog
C:\Users\Kenny\Documents\Visual Studio 2012\Projects\GameProject1\GameProject1\Debug\link.3408.write.1.tlog
C:\Users\Kenny\Documents\Visual Studio 2012\Projects\GameProject1\GameProject1\Debug\link.6028-cvtres.read.1.tlog
C:\Users\Kenny\Documents\Visual Studio 2012\Projects\GameProject1\GameProject1\Debug\link.6028-cvtres.write.1.tlog
C:\Users\Kenny\Documents\Visual Studio 2012\Projects\GameProject1\GameProject1\Debug\link.6028-rc.read.1.tlog
C:\Users\Kenny\Documents\Visual Studio 2012\Projects\GameProject1\GameProject1\Debug\link.6028-rc.write.1.tlog
C:\Users\Kenny\Documents\Visual Studio 2012\Projects\GameProject1\GameProject1\Debug\link.6028.read.1.tlog
C:\Users\Kenny\Documents\Visual Studio 2012\Projects\GameProject1\GameProject1\Debug\link.6028.write.1.tlog
C:\Users\Kenny\Documents\Visual Studio 2012\Projects\GameProject1\GameProject1\Debug\link.command.1.tlog
C:\Users\Kenny\Documents\Visual Studio 2012\Projects\GameProject1\GameProject1\Debug\link.read.1.tlog
C:\Users\Kenny\Documents\Visual Studio 2012\Projects\GameProject1\GameProject1\Debug\link.write.1.tlog
C:\Users\Kenny\Documents\Visual Studio 2012\Projects\GameProject1\GameProject1\Debug\GameProject1.pch
C:\Users\Kenny\Documents\Visual Studio 2012\Projects\GameProject1\GameProject1\Debug\vc110.idb
C:\Users\Kenny\Documents\Visual Studio 2012\Projects\GameProject1\GameProject1\Debug\vc110.pdb
C:\Users\Kenny\Documents\Visual Studio 2012\Projects\GameProject1\Debug\GameProject1.pdb
